<?xml version="1.0" encoding="UTF-8"?>
<!-- Generated by org.testng.reporters.JUnitXMLReporter -->
<testsuite ignored="0" hostname="DESKTOP-F61H9BC" failures="2" tests="6" name="Test" time="0.16" errors="0" timestamp="2022-12-09T13:10:28 IST">
  <testcase classname="listener.TestNG1" name="A" time="0.013"/>
  <testcase classname="listener.TestNG1" name="B" time="0.003">
    <failure type="java.lang.Error" message="Unresolved compilation problem: 
	Assert cannot be resolved
">
      <![CDATA[java.lang.Error: Unresolved compilation problem: 
Assert cannot be resolved

at listener.TestNG1.B(TestNG1.java:19)
at java.base/java.util.ArrayList.forEach(ArrayList.java:1541)
... Removed 27 stack frames]]>
    </failure>
  </testcase> <!-- B -->
  <testcase classname="listener.TestNG1" name="C" time="0.0">
    <skipped/>
  </testcase> <!-- C -->
  <testcase classname="listener.TestNG2" name="D" time="0.003"/>
  <testcase classname="listener.TestNG2" name="E" time="0.009">
    <failure type="java.lang.AssertionError" message="null">
      <![CDATA[java.lang.AssertionError: null
at listener.TestNG2.E(TestNG2.java:16)
at java.base/java.util.ArrayList.forEach(ArrayList.java:1541)
... Removed 29 stack frames]]>
    </failure>
  </testcase> <!-- E -->
  <testcase classname="listener.TestNG2" name="F" time="0.0">
    <skipped/>
  </testcase> <!-- F -->
</testsuite> <!-- Test -->
